[2021-03-16 23:26:04.601] [info] Loaded model Rajagopal_2015 from file rajagopal/rajagopal_2015.osim
[2021-03-16 23:26:04.708] [info] Loaded model bicep_curl from file basicModel.osim
[2021-03-16 23:26:04.711] [warning] ControllerSet 'controllerset' has subcomponents with duplicate name 'prescribedcontroller'. The duplicate is being renamed to 'prescribedcontroller_0'.
[2021-03-16 23:26:04.933] [error] Error while executing loop step: Traceback (most recent call last):
  File "servo.py", line 26, in runLoop
    self.tOS.run_step([])
  File "/usr/local/nrp/lib/python3.8/site-packages/NRPPythonEngineModule/TOsimLib.py", line 48, in run_step
    self.actuate(action)
  File "/usr/local/nrp/lib/python3.8/site-packages/NRPPythonEngineModule/TOsimLib.py", line 70, in actuate
    func.setValue(float(action[j]))
AttributeError: 'NoneType' object has no attribute 'setValue'

[2021-03-16 23:26:31.009] [info] Loaded model Rajagopal_2015 from file rajagopal/rajagopal_2015.osim
[2021-03-16 23:26:31.122] [info] Loaded model bicep_curl from file basicModel.osim
[2021-03-16 23:26:31.124] [warning] ControllerSet 'controllerset' has subcomponents with duplicate name 'prescribedcontroller'. The duplicate is being renamed to 'prescribedcontroller_0'.
[2021-03-16 23:26:31.346] [error] Error while executing loop step: Traceback (most recent call last):
  File "servo.py", line 26, in runLoop
    self.tOS.run_step([0.0])
  File "/usr/local/nrp/lib/python3.8/site-packages/NRPPythonEngineModule/TOsimLib.py", line 48, in run_step
    self.actuate(action)
  File "/usr/local/nrp/lib/python3.8/site-packages/NRPPythonEngineModule/TOsimLib.py", line 70, in actuate
    func.setValue(float(action[j]))
AttributeError: 'NoneType' object has no attribute 'setValue'

[2021-03-16 23:27:14.616] [info] Loaded model Rajagopal_2015 from file rajagopal/rajagopal_2015.osim
[2021-03-16 23:27:14.726] [info] Loaded model bicep_curl from file basicModel.osim
[2021-03-16 23:27:14.728] [warning] ControllerSet 'controllerset' has subcomponents with duplicate name 'prescribedcontroller'. The duplicate is being renamed to 'prescribedcontroller_0'.
[2021-03-16 23:27:14.944] [error] Error while executing loop step: Traceback (most recent call last):
  File "servo.py", line 26, in runLoop
    self.tOS.run_step([0.0])
  File "/usr/local/nrp/lib/python3.8/site-packages/NRPPythonEngineModule/TOsimLib.py", line 48, in run_step
    self.actuate(action)
  File "/usr/local/nrp/lib/python3.8/site-packages/NRPPythonEngineModule/TOsimLib.py", line 70, in actuate
    func.setValue(float(action[j]))
AttributeError: 'NoneType' object has no attribute 'setValue'

[2021-03-16 23:28:19.115] [info] Loaded model Rajagopal_2015 from file rajagopal/rajagopal_2015.osim
[2021-03-16 23:28:19.223] [info] Loaded model bicep_curl from file basicModel.osim
[2021-03-16 23:28:19.225] [warning] ControllerSet 'controllerset' has subcomponents with duplicate name 'prescribedcontroller'. The duplicate is being renamed to 'prescribedcontroller_0'.
[2021-03-16 23:28:19.446] [error] Error while executing loop step: Traceback (most recent call last):
  File "servo.py", line 29, in runLoop
    self.tOS.run_step([0.0])
  File "/usr/local/nrp/lib/python3.8/site-packages/NRPPythonEngineModule/TOsimLib.py", line 48, in run_step
    self.actuate(action)
  File "/usr/local/nrp/lib/python3.8/site-packages/NRPPythonEngineModule/TOsimLib.py", line 70, in actuate
    func.setValue(float(action[j]))
AttributeError: 'NoneType' object has no attribute 'setValue'

[2021-03-16 23:28:56.379] [info] Loaded model Rajagopal_2015 from file rajagopal/rajagopal_2015.osim
[2021-03-16 23:28:56.489] [info] Loaded model bicep_curl from file basicModel.osim
[2021-03-16 23:28:56.492] [warning] ControllerSet 'controllerset' has subcomponents with duplicate name 'prescribedcontroller'. The duplicate is being renamed to 'prescribedcontroller_0'.
[2021-03-16 23:28:56.722] [error] Error while executing loop step: Traceback (most recent call last):
  File "servo.py", line 26, in runLoop
    func = osim.Constant.safeDownCast(functionSet.get(1))
  File "/usr/local/lib/python3.8/dist-packages/opensim-4.2_2021_02_10_d1304141c-py3.8.egg/opensim/common.py", line 8310, in get
    return _common.SetFunctions_get(self, *args)
RuntimeError: std::exception in 'OpenSim::Function & OpenSim::Set< OpenSim::Function,OpenSim::Object >::get(int) const': ArrayPtrs.get: Array index out of bounds.

[2021-03-16 23:29:18.882] [info] Loaded model Rajagopal_2015 from file rajagopal/rajagopal_2015.osim
[2021-03-16 23:29:18.988] [info] Loaded model bicep_curl from file basicModel.osim
[2021-03-16 23:29:18.991] [warning] ControllerSet 'controllerset' has subcomponents with duplicate name 'prescribedcontroller'. The duplicate is being renamed to 'prescribedcontroller_0'.
[2021-03-16 23:29:19.216] [error] Error while executing loop step: Traceback (most recent call last):
  File "servo.py", line 26, in runLoop
    func = self.osim.Constant.safeDownCast(functionSet.get(1))
  File "/usr/local/lib/python3.8/dist-packages/opensim-4.2_2021_02_10_d1304141c-py3.8.egg/opensim/common.py", line 8310, in get
    return _common.SetFunctions_get(self, *args)
RuntimeError: std::exception in 'OpenSim::Function & OpenSim::Set< OpenSim::Function,OpenSim::Object >::get(int) const': ArrayPtrs.get: Array index out of bounds.

[2021-03-16 23:29:44.913] [info] Loaded model Rajagopal_2015 from file rajagopal/rajagopal_2015.osim
[2021-03-16 23:29:45.019] [info] Loaded model bicep_curl from file basicModel.osim
[2021-03-16 23:29:45.022] [warning] ControllerSet 'controllerset' has subcomponents with duplicate name 'prescribedcontroller'. The duplicate is being renamed to 'prescribedcontroller_0'.
[2021-03-16 23:31:47.248] [info] Loaded model Rajagopal_2015 from file rajagopal/rajagopal_2015.osim
[2021-03-16 23:31:47.358] [info] Loaded model bicep_curl from file basicModel.osim
[2021-03-16 23:31:47.361] [warning] ControllerSet 'controllerset' has subcomponents with duplicate name 'prescribedcontroller'. The duplicate is being renamed to 'prescribedcontroller_0'.
[2021-03-16 23:32:26.800] [info] Loaded model Rajagopal_2015 from file rajagopal/rajagopal_2015.osim
[2021-03-16 23:32:26.912] [info] Loaded model bicep_curl from file basicModel.osim
[2021-03-16 23:32:26.915] [warning] ControllerSet 'controllerset' has subcomponents with duplicate name 'prescribedcontroller'. The duplicate is being renamed to 'prescribedcontroller_0'.
[2021-03-16 23:32:27.137] [error] Error while executing loop step: Traceback (most recent call last):
  File "servo.py", line 23, in runLoop
    self.tOS.model.model.getControllerSet().get(0))
  File "/usr/local/lib/python3.8/dist-packages/opensim-4.2_2021_02_10_d1304141c-py3.8.egg/opensim/simulation.py", line 53136, in <lambda>
    __getattr__ = lambda self, name: _swig_getattr(self, Model, name)
  File "/usr/local/lib/python3.8/dist-packages/opensim-4.2_2021_02_10_d1304141c-py3.8.egg/opensim/simulation.py", line 80, in _swig_getattr
    raise AttributeError("'%s' object has no attribute '%s'" % (class_type.__name__, name))
AttributeError: 'Model' object has no attribute 'model'

[2021-03-16 23:33:02.417] [info] Loaded model bicep_curl from file basicModel.osim
[2021-03-16 23:33:02.419] [warning] ControllerSet 'controllerset' has subcomponents with duplicate name 'prescribedcontroller'. The duplicate is being renamed to 'prescribedcontroller_0'.
[2021-03-16 23:34:31.716] [info] Loaded model Rajagopal_2015 from file rajagopal/rajagopal_2015.osim
[2021-03-16 23:34:32.026] [error] Error while executing loop step: Traceback (most recent call last):
  File "servo.py", line 23, in runLoop
    self.tOS.model.model.getControllerSet().get(0))
  File "/usr/local/lib/python3.8/dist-packages/opensim-4.2_2021_02_10_d1304141c-py3.8.egg/opensim/simulation.py", line 53136, in <lambda>
    __getattr__ = lambda self, name: _swig_getattr(self, Model, name)
  File "/usr/local/lib/python3.8/dist-packages/opensim-4.2_2021_02_10_d1304141c-py3.8.egg/opensim/simulation.py", line 80, in _swig_getattr
    raise AttributeError("'%s' object has no attribute '%s'" % (class_type.__name__, name))
AttributeError: 'Model' object has no attribute 'model'

[2021-03-17 00:09:39.553] [info] Loaded model bicep_curl from file basicModel.osim
[2021-03-17 00:09:39.555] [warning] ControllerSet 'controllerset' has subcomponents with duplicate name 'prescribedcontroller'. The duplicate is being renamed to 'prescribedcontroller_0'.
[2021-03-17 00:09:39.764] [error] Error while executing loop step: Traceback (most recent call last):
  File "servo.py", line 35, in runLoop
    self.tOS.run_step(action)
  File "/usr/local/nrp/lib/python3.8/site-packages/NRPPythonEngineModule/TOsimLib.py", line 48, in run_step
    self.actuate(action)
  File "/usr/local/nrp/lib/python3.8/site-packages/NRPPythonEngineModule/TOsimLib.py", line 70, in actuate
    func.setValue(float(action[j]))
AttributeError: 'NoneType' object has no attribute 'setValue'

[2021-03-17 00:21:20.481] [info] Loaded model Rajagopal_2015 from file rajagopal/rajagopal_2015.osim
[2021-03-17 00:22:04.188] [info] Loaded model arm26 from file arm26/arm26_ground_offset.osim
