[2021-03-24 20:10:42.310] [info] Loaded model arm26 from file arm26/arm26_ground_offset.osim
[2021-03-24 20:11:20.428] [info] Loaded model arm26 from file arm26/arm26_ground_offset.osim
[2021-03-24 20:11:51.985] [info] Loaded model arm26 from file arm26/arm26_ground_offset.osim
[2021-03-24 20:13:54.635] [info] Loaded model arm26 from file arm26/arm26_ground_offset.osim
[2021-03-24 20:14:38.080] [info] Loaded model arm26 from file arm26/arm26_ground_offset.osim
[2021-03-24 20:15:43.510] [info] Loaded model arm26 from file arm26/arm26_ground_offset.osim
[2021-03-24 20:16:26.822] [info] Loaded model arm26 from file arm26/arm26_ground_offset.osim
[2021-03-24 20:16:57.022] [info] Loaded model arm26 from file arm26/arm26_ground_offset.osim
[2021-03-24 20:18:13.874] [info] Loaded model arm26 from file arm26/arm26_ground_offset.osim
[2021-03-24 20:19:37.425] [info] Loaded model arm26 from file arm26/arm26_ground_offset.osim
[2021-03-24 20:20:29.614] [info] Loaded model arm26 from file arm26/arm26_ground_offset.osim
[2021-03-24 20:20:51.401] [info] Loaded model arm26 from file arm26/arm26_ground_offset.osim
[2021-03-24 20:21:52.867] [info] Loaded model arm26 from file arm26/arm26_ground_offset.osim
[2021-03-24 20:22:09.806] [info] Loaded model arm26 from file arm26/arm26_ground_offset.osim
[2021-03-24 20:22:49.152] [info] Loaded model arm26 from file arm26/arm26_ground_offset.osim
[2021-03-24 20:25:18.372] [info] Loaded model arm26 from file arm26/arm26_ground_offset.osim
[2021-03-24 20:25:43.665] [info] Loaded model arm26 from file arm26/arm26_ground_offset.osim
[2021-03-24 20:26:08.839] [info] Loaded model arm26 from file arm26/arm26_ground_offset.osim
[2021-03-24 20:26:25.256] [info] Loaded model arm26 from file arm26/arm26_ground_offset.osim
[2021-03-24 20:28:07.576] [info] Loaded model arm26 from file arm26/arm26_ground_offset.osim
[2021-03-24 20:28:55.416] [info] Loaded model arm26 from file arm26/arm26_ground_offset.osim
[2021-03-24 20:30:30.483] [info] Loaded model arm26 from file arm26/arm26_ground_offset.osim
[2021-03-24 20:30:56.765] [info] Loaded model arm26 from file arm26/arm26_ground_offset.osim
[2021-03-24 20:31:27.198] [info] Loaded model arm26 from file arm26/arm26_ground_offset.osim
[2021-03-24 20:31:46.841] [info] Loaded model arm26 from file arm26/arm26_ground_offset.osim
[2021-03-24 20:32:11.666] [info] Loaded model arm26 from file arm26/arm26_ground_offset.osim
[2021-03-24 20:32:35.331] [info] Loaded model arm26 from file arm26/arm26_ground_offset.osim
[2021-03-24 20:32:54.302] [info] Loaded model arm26 from file arm26/arm26_ground_offset.osim
[2021-03-24 20:34:08.698] [info] Loaded model arm26 from file arm26/arm26_ground_offset.osim
[2021-03-24 20:34:30.361] [info] Loaded model arm26 from file arm26/arm26_ground_offset.osim
[2021-03-24 20:34:42.804] [info] Loaded model arm26 from file arm26/arm26_ground_offset.osim
[2021-03-24 20:35:00.582] [info] Loaded model arm26 from file arm26/arm26_ground_offset.osim
[2021-03-24 20:35:18.944] [info] Loaded model arm26 from file arm26/arm26_ground_offset.osim
[2021-03-24 20:35:33.360] [info] Loaded model arm26 from file arm26/arm26_ground_offset.osim
[2021-03-24 20:36:31.586] [info] Loaded model arm26 from file arm26/arm26_ground_offset.osim
[2021-03-24 20:36:55.502] [info] Loaded model arm26 from file arm26/arm26_ground_offset.osim
[2021-03-24 20:37:55.112] [info] Loaded model arm26 from file arm26/arm26_ground_offset.osim
[2021-03-24 20:38:20.005] [info] Loaded model arm26 from file arm26/arm26_ground_offset.osim
[2021-03-24 20:38:30.906] [info] Loaded model arm26 from file arm26/arm26_ground_offset.osim
[2021-03-24 20:38:46.361] [info] Loaded model arm26 from file arm26/arm26_ground_offset.osim
[2021-03-24 20:39:22.056] [info] Loaded model arm26 from file arm26/arm26_ground_offset.osim
[2021-03-24 20:39:53.592] [info] Loaded model arm26 from file arm26/arm26_ground_offset.osim
[2021-03-24 20:40:09.464] [info] Loaded model arm26 from file arm26/arm26_ground_offset.osim
[2021-03-24 20:40:20.630] [info] Loaded model arm26 from file arm26/arm26_ground_offset.osim
[2021-03-24 20:40:35.323] [info] Loaded model arm26 from file arm26/arm26_ground_offset.osim
[2021-03-24 20:40:44.825] [info] Loaded model arm26 from file arm26/arm26_ground_offset.osim
[2021-03-24 20:40:58.264] [info] Loaded model arm26 from file arm26/arm26_ground_offset.osim
[2021-03-24 20:41:14.054] [info] Loaded model arm26 from file arm26/arm26_ground_offset.osim
[2021-03-24 20:41:28.705] [info] Loaded model arm26 from file arm26/arm26_ground_offset.osim
[2021-03-24 20:41:41.068] [info] Loaded model arm26 from file arm26/arm26_ground_offset.osim
[2021-03-24 20:42:14.192] [info] Loaded model arm26 from file arm26/arm26_ground_offset.osim
[2021-03-24 20:42:27.657] [info] Loaded model arm26 from file arm26/arm26_ground_offset.osim
[2021-03-24 20:43:31.970] [info] Loaded model arm26 from file arm26/arm26_ground_offset.osim
[2021-03-24 20:43:53.483] [info] Loaded model arm26 from file arm26/arm26_ground_offset.osim
[2021-03-24 20:44:11.036] [info] Loaded model arm26 from file arm26/arm26_ground_offset.osim
[2021-03-24 20:44:32.752] [info] Loaded model arm26 from file arm26/arm26_ground_offset.osim
[2021-03-24 20:45:03.193] [info] Loaded model arm26 from file arm26/arm26_ground_offset.osim
[2021-03-24 20:45:26.162] [info] Loaded model arm26 from file arm26/arm26_ground_offset.osim
[2021-03-24 20:45:42.974] [info] Loaded model arm26 from file arm26/arm26_ground_offset.osim
[2021-03-24 20:45:57.142] [info] Loaded model arm26 from file arm26/arm26_ground_offset.osim
[2021-03-24 20:46:08.935] [info] Loaded model arm26 from file arm26/arm26_ground_offset.osim
[2021-03-24 20:46:24.151] [info] Loaded model arm26 from file arm26/arm26_ground_offset.osim
[2021-03-24 20:46:41.683] [info] Loaded model arm26 from file arm26/arm26_ground_offset.osim
[2021-03-24 20:46:55.793] [info] Loaded model arm26 from file arm26/arm26_ground_offset.osim
[2021-03-24 20:47:12.649] [info] Loaded model arm26 from file arm26/arm26_ground_offset.osim
[2021-03-24 20:47:26.695] [info] Loaded model arm26 from file arm26/arm26_ground_offset.osim
[2021-03-24 20:47:41.152] [info] Loaded model arm26 from file arm26/arm26_ground_offset.osim
[2021-03-24 20:47:52.374] [info] Loaded model arm26 from file arm26/arm26_ground_offset.osim
[2021-03-24 20:48:15.442] [info] Loaded model arm26 from file arm26/arm26_ground_offset.osim
[2021-03-24 20:48:30.742] [info] Loaded model arm26 from file arm26/arm26_ground_offset.osim
[2021-03-24 20:48:58.525] [info] Loaded model arm26 from file arm26/arm26_ground_offset.osim
[2021-03-24 20:49:14.165] [info] Loaded model arm26 from file arm26/arm26_ground_offset.osim
[2021-03-24 20:49:32.666] [info] Loaded model arm26 from file arm26/arm26_ground_offset.osim
[2021-03-24 20:49:44.169] [info] Loaded model arm26 from file arm26/arm26_ground_offset.osim
[2021-03-24 20:50:25.771] [info] Loaded model arm26 from file arm26/arm26_ground_offset.osim
[2021-03-24 20:50:39.316] [info] Loaded model arm26 from file arm26/arm26_ground_offset.osim
[2021-03-24 20:50:58.197] [info] Loaded model arm26 from file arm26/arm26_ground_offset.osim
[2021-03-24 20:51:18.399] [info] Loaded model arm26 from file arm26/arm26_ground_offset.osim
[2021-03-24 20:51:52.270] [info] Loaded model arm26 from file arm26/arm26_ground_offset.osim
[2021-03-24 20:52:05.679] [info] Loaded model arm26 from file arm26/arm26_ground_offset.osim
[2021-03-24 20:52:48.712] [info] Loaded model arm26 from file arm26/arm26_ground_offset.osim
[2021-03-24 20:54:35.146] [info] Loaded model arm26 from file arm26/arm26_ground_offset.osim
[2021-03-24 20:55:10.584] [info] Loaded model arm26 from file arm26/arm26_ground_offset.osim
[2021-03-24 20:55:22.660] [info] Loaded model arm26 from file arm26/arm26_ground_offset.osim
[2021-03-24 20:55:41.775] [info] Loaded model arm26 from file arm26/arm26_ground_offset.osim
[2021-03-24 20:56:07.473] [info] Loaded model arm26 from file arm26/arm26_ground_offset.osim
[2021-03-24 20:56:40.659] [info] Loaded model arm26 from file arm26/arm26_ground_offset.osim
[2021-03-24 20:56:52.198] [info] Loaded model arm26 from file arm26/arm26_ground_offset.osim
[2021-03-24 20:57:10.253] [info] Loaded model arm26 from file arm26/arm26_ground_offset.osim
[2021-03-24 20:57:24.020] [info] Loaded model arm26 from file arm26/arm26_ground_offset.osim
[2021-03-24 20:57:37.450] [info] Loaded model arm26 from file arm26/arm26_ground_offset.osim
[2021-03-24 20:57:53.588] [info] Loaded model arm26 from file arm26/arm26_ground_offset.osim
[2021-03-24 20:58:33.838] [info] Loaded model arm26 from file arm26/arm26_ground_offset.osim
[2021-03-24 20:59:20.619] [info] Loaded model arm26 from file arm26/arm26_ground_offset.osim
[2021-03-24 20:59:36.365] [info] Loaded model arm26 from file arm26/arm26_ground_offset.osim
[2021-03-24 20:59:46.042] [info] Loaded model arm26 from file arm26/arm26_ground_offset.osim
[2021-03-24 20:59:59.924] [info] Loaded model arm26 from file arm26/arm26_ground_offset.osim
[2021-03-24 21:00:15.924] [info] Loaded model arm26 from file arm26/arm26_ground_offset.osim
[2021-03-24 21:00:37.447] [info] Loaded model arm26 from file arm26/arm26_ground_offset.osim
[2021-03-24 21:00:50.094] [info] Loaded model arm26 from file arm26/arm26_ground_offset.osim
[2021-03-24 21:01:02.994] [info] Loaded model arm26 from file arm26/arm26_ground_offset.osim
[2021-03-24 21:01:18.806] [info] Loaded model arm26 from file arm26/arm26_ground_offset.osim
[2021-03-24 21:01:31.432] [info] Loaded model arm26 from file arm26/arm26_ground_offset.osim
[2021-03-24 21:01:46.416] [info] Loaded model arm26 from file arm26/arm26_ground_offset.osim
[2021-03-24 21:01:59.363] [info] Loaded model arm26 from file arm26/arm26_ground_offset.osim
[2021-03-24 21:02:13.189] [info] Loaded model arm26 from file arm26/arm26_ground_offset.osim
[2021-03-24 21:02:26.102] [info] Loaded model arm26 from file arm26/arm26_ground_offset.osim
[2021-03-24 21:02:42.278] [info] Loaded model arm26 from file arm26/arm26_ground_offset.osim
[2021-03-24 21:02:57.864] [info] Loaded model arm26 from file arm26/arm26_ground_offset.osim
[2021-03-24 21:03:13.361] [info] Loaded model arm26 from file arm26/arm26_ground_offset.osim
[2021-03-24 21:03:26.936] [info] Loaded model arm26 from file arm26/arm26_ground_offset.osim
[2021-03-24 21:03:40.866] [info] Loaded model arm26 from file arm26/arm26_ground_offset.osim
[2021-03-24 21:03:58.753] [info] Loaded model arm26 from file arm26/arm26_ground_offset.osim
[2021-03-24 21:04:19.698] [info] Loaded model arm26 from file arm26/arm26_ground_offset.osim
[2021-03-24 21:04:37.166] [info] Loaded model arm26 from file arm26/arm26_ground_offset.osim
[2021-03-24 21:04:51.772] [info] Loaded model arm26 from file arm26/arm26_ground_offset.osim
[2021-03-24 21:05:06.341] [info] Loaded model arm26 from file arm26/arm26_ground_offset.osim
[2021-03-24 21:05:28.646] [info] Loaded model arm26 from file arm26/arm26_ground_offset.osim
[2021-03-24 21:05:46.665] [info] Loaded model arm26 from file arm26/arm26_ground_offset.osim
[2021-03-24 21:06:07.704] [info] Loaded model arm26 from file arm26/arm26_ground_offset.osim
[2021-03-24 21:06:27.237] [info] Loaded model arm26 from file arm26/arm26_ground_offset.osim
[2021-03-24 21:06:43.696] [info] Loaded model arm26 from file arm26/arm26_ground_offset.osim
[2021-03-24 21:07:09.177] [info] Loaded model arm26 from file arm26/arm26_ground_offset.osim
[2021-03-24 21:07:26.116] [info] Loaded model arm26 from file arm26/arm26_ground_offset.osim
[2021-03-24 21:09:25.822] [info] Loaded model arm26 from file arm26/arm26_ground_offset.osim
[2021-03-24 21:09:51.993] [info] Loaded model arm26 from file arm26/arm26_ground_offset.osim
[2021-03-24 21:10:06.945] [info] Loaded model arm26 from file arm26/arm26_ground_offset.osim
[2021-03-24 21:10:40.909] [info] Loaded model arm26 from file arm26/arm26_ground_offset.osim
[2021-03-24 21:10:54.104] [info] Loaded model arm26 from file arm26/arm26_ground_offset.osim
[2021-03-24 21:11:22.598] [info] Loaded model arm26 from file arm26/arm26_ground_offset.osim
[2021-03-24 21:11:37.721] [info] Loaded model arm26 from file arm26/arm26_ground_offset.osim
[2021-03-24 21:12:06.203] [info] Loaded model arm26 from file arm26/arm26_ground_offset.osim
[2021-03-24 21:12:23.479] [info] Loaded model arm26 from file arm26/arm26_ground_offset.osim
[2021-03-24 21:12:42.754] [info] Loaded model arm26 from file arm26/arm26_ground_offset.osim
[2021-03-24 22:18:15.408] [info] Loaded model arm26 from file arm26/arm26_ground_offset.osim
[2021-03-24 22:18:15.624] [error] Traceback (most recent call last):
  File "server.py", line 11, in initialize
    self.tOS = TOpenSim("arm26/arm26_ground_offset.osim", True)
  File "/usr/local/nrp/lib/python3.8/site-packages/NRPPythonEngineModule/TOsimLib.py", line 48, in __init__
    self.jointSet = self.tOS.model.getJointSet()
AttributeError: 'TOpenSim' object has no attribute 'tOS'

[2021-03-24 22:18:57.411] [info] Loaded model arm26 from file arm26/arm26_ground_offset.osim
[2021-03-24 22:18:57.627] [error] Traceback (most recent call last):
  File "server.py", line 11, in initialize
    self.tOS = TOpenSim("arm26/arm26_ground_offset.osim", True)
  File "/usr/local/nrp/lib/python3.8/site-packages/NRPPythonEngineModule/TOsimLib.py", line 48, in __init__
    self.jointSet = self.tOS.model.getJointSet()
AttributeError: 'TOpenSim' object has no attribute 'tOS'

[2021-03-24 22:35:45.670] [info] Loaded model arm26 from file arm26/arm26_ground_offset.osim
[2021-03-24 22:43:45.404] [info] Loaded model arm26 from file arm26/arm26_ground_offset.osim
[2021-03-24 22:43:45.814] [error] Error while executing loop step: Traceback (most recent call last):
  File "server.py", line 24, in runLoop
    print(self.tOS.getNameSet("Joint"))
  File "/usr/local/nrp/lib/python3.8/site-packages/NRPPythonEngineModule/TOsimLib.py", line 95, in getNameSet
    if nameTpye == "Joint":
NameError: name 'nameTpye' is not defined

[2021-03-24 22:50:41.764] [info] Loaded model arm26 from file arm26/arm26_ground_offset.osim
[2021-03-24 22:50:42.174] [error] Error while executing loop step: Traceback (most recent call last):
  File "server.py", line 24, in runLoop
    print(self.tOS.getNameSet("Joint"))
  File "/usr/local/nrp/lib/python3.8/site-packages/NRPPythonEngineModule/TOsimLib.py", line 101, in getNameSet
    nameList.append(tSet.get(j).getName())
NameError: name 'j' is not defined

[2021-03-24 22:51:01.837] [info] Loaded model arm26 from file arm26/arm26_ground_offset.osim
[2021-03-24 22:51:02.242] [error] Error while executing loop step: Traceback (most recent call last):
  File "server.py", line 24, in runLoop
    print(self.tOS.getNameSet("Joint"))
  File "/usr/local/nrp/lib/python3.8/site-packages/NRPPythonEngineModule/TOsimLib.py", line 101, in getNameSet
    nameList.append(tSet.get(j).getName())
NameError: name 'j' is not defined

[2021-03-24 22:57:08.352] [info] Loaded model arm26 from file arm26/arm26_ground_offset.osim
[2021-03-24 22:57:25.810] [info] Loaded model arm26 from file arm26/arm26_ground_offset.osim
[2021-03-24 22:59:29.569] [info] Loaded model arm26 from file arm26/arm26_ground_offset.osim
[2021-03-24 22:59:29.990] [error] Error while executing loop step: Traceback (most recent call last):
  File "server.py", line 25, in runLoop
    print(self.tOS.getDeviceValuex("Joint","elbow"))
  File "/usr/local/nrp/lib/python3.8/site-packages/NRPPythonEngineModule/TOsimLib.py", line 112, in getDeviceValuex
    theDevice = tSet.get(deviceName).getCoordinate()
  File "/usr/local/lib/python3.8/dist-packages/opensim-4.2_2021_03_12_fcedec930-py3.8.egg/opensim/simulation.py", line 16310, in get
    return _simulation.SetJoints_get(self, *args)
RuntimeError: std::exception in 'OpenSim::Joint & OpenSim::Set< OpenSim::Joint,OpenSim::ModelComponent >::get(std::string const &)': ArrayPtrs.get(aName): No object with name elbow

[2021-03-24 22:59:52.344] [info] Loaded model arm26 from file arm26/arm26_ground_offset.osim
[2021-03-24 22:59:52.757] [error] Error while executing loop step: Traceback (most recent call last):
  File "server.py", line 25, in runLoop
    print(self.tOS.getDeviceValuex("Joint","elbow"))
  File "/usr/local/nrp/lib/python3.8/site-packages/NRPPythonEngineModule/TOsimLib.py", line 112, in getDeviceValuex
    theDevice = tSet.get(deviceName).getCoordinate()
  File "/usr/local/lib/python3.8/dist-packages/opensim-4.2_2021_03_12_fcedec930-py3.8.egg/opensim/simulation.py", line 16310, in get
    return _simulation.SetJoints_get(self, *args)
RuntimeError: std::exception in 'OpenSim::Joint & OpenSim::Set< OpenSim::Joint,OpenSim::ModelComponent >::get(std::string const &)': ArrayPtrs.get(aName): No object with name elbow

[2021-03-24 23:00:07.383] [info] Loaded model arm26 from file arm26/arm26_ground_offset.osim
[2021-03-24 23:00:07.805] [error] Error while executing loop step: Traceback (most recent call last):
  File "server.py", line 25, in runLoop
    print(self.tOS.getDeviceValuex("Joint","elbow"))
  File "/usr/local/nrp/lib/python3.8/site-packages/NRPPythonEngineModule/TOsimLib.py", line 112, in getDeviceValuex
    theDevice = tSet.get(deviceName).getCoordinate()
  File "/usr/local/lib/python3.8/dist-packages/opensim-4.2_2021_03_12_fcedec930-py3.8.egg/opensim/simulation.py", line 16310, in get
    return _simulation.SetJoints_get(self, *args)
RuntimeError: std::exception in 'OpenSim::Joint & OpenSim::Set< OpenSim::Joint,OpenSim::ModelComponent >::get(std::string const &)': ArrayPtrs.get(aName): No object with name elbow

[2021-03-24 23:00:23.826] [info] Loaded model arm26 from file arm26/arm26_ground_offset.osim
[2021-03-24 23:00:51.178] [info] Loaded model arm26 from file arm26/arm26_ground_offset.osim
[2021-03-24 23:01:19.764] [info] Loaded model arm26 from file arm26/arm26_ground_offset.osim
[2021-03-24 23:08:38.100] [info] Loaded model arm26 from file arm26/arm26_ground_offset.osim
[2021-03-24 23:08:38.508] [error] Error while executing loop step: Traceback (most recent call last):
  File "server.py", line 32, in runLoop
    print(self.tOS.getDeviceValuex("r_elbow", deviceType="Joint"), e_val)
AttributeError: 'TOpenSim' object has no attribute 'getDeviceValuex'

[2021-03-24 23:08:49.799] [info] Loaded model arm26 from file arm26/arm26_ground_offset.osim
[2021-03-24 23:10:18.841] [info] Loaded model arm26 from file arm26/arm26_ground_offset.osim
[2021-03-24 23:10:36.550] [info] Loaded model arm26 from file arm26/arm26_ground_offset.osim
[2021-03-24 23:10:49.669] [info] Loaded model arm26 from file arm26/arm26_ground_offset.osim
[2021-03-24 23:11:05.574] [info] Loaded model arm26 from file arm26/arm26_ground_offset.osim
[2021-03-24 23:11:17.412] [info] Loaded model arm26 from file arm26/arm26_ground_offset.osim
[2021-03-24 23:12:46.903] [info] Loaded model arm26 from file arm26/arm26_ground_offset.osim
[2021-03-24 23:13:03.006] [info] Loaded model arm26 from file arm26/arm26_ground_offset.osim
[2021-03-24 23:13:37.214] [info] Loaded model arm26 from file arm26/arm26_ground_offset.osim
[2021-03-24 23:14:02.194] [info] Loaded model arm26 from file arm26/arm26_ground_offset.osim
[2021-03-24 23:14:17.753] [info] Loaded model arm26 from file arm26/arm26_ground_offset.osim
[2021-03-24 23:14:27.691] [info] Loaded model arm26 from file arm26/arm26_ground_offset.osim
[2021-03-24 23:14:49.875] [info] Loaded model arm26 from file arm26/arm26_ground_offset.osim
[2021-03-24 23:15:03.076] [info] Loaded model arm26 from file arm26/arm26_ground_offset.osim
[2021-03-24 23:15:17.749] [info] Loaded model arm26 from file arm26/arm26_ground_offset.osim
[2021-03-24 23:15:32.176] [info] Loaded model arm26 from file arm26/arm26_ground_offset.osim
[2021-03-24 23:16:15.389] [info] Loaded model arm26 from file arm26/arm26_ground_offset.osim
[2021-03-24 23:16:37.508] [info] Loaded model arm26 from file arm26/arm26_ground_offset.osim
[2021-03-24 23:17:08.943] [info] Loaded model arm26 from file arm26/arm26_ground_offset.osim
[2021-03-24 23:17:29.719] [info] Loaded model arm26 from file arm26/arm26_ground_offset.osim
[2021-03-24 23:17:42.289] [info] Loaded model arm26 from file arm26/arm26_ground_offset.osim
[2021-03-24 23:17:58.292] [info] Loaded model arm26 from file arm26/arm26_ground_offset.osim
[2021-03-24 23:18:16.068] [info] Loaded model arm26 from file arm26/arm26_ground_offset.osim
[2021-03-24 23:18:29.187] [info] Loaded model arm26 from file arm26/arm26_ground_offset.osim
[2021-03-24 23:19:04.012] [info] Loaded model arm26 from file arm26/arm26_ground_offset.osim
[2021-03-24 23:19:16.025] [info] Loaded model arm26 from file arm26/arm26_ground_offset.osim
[2021-03-24 23:19:56.866] [info] Loaded model arm26 from file arm26/arm26_ground_offset.osim
[2021-03-24 23:20:34.959] [info] Loaded model arm26 from file arm26/arm26_ground_offset.osim
[2021-03-24 23:20:46.831] [info] Loaded model arm26 from file arm26/arm26_ground_offset.osim
[2021-03-24 23:21:04.329] [info] Loaded model arm26 from file arm26/arm26_ground_offset.osim
[2021-03-24 23:21:18.393] [info] Loaded model arm26 from file arm26/arm26_ground_offset.osim
[2021-03-24 23:21:34.501] [info] Loaded model arm26 from file arm26/arm26_ground_offset.osim
[2021-03-24 23:21:48.175] [info] Loaded model arm26 from file arm26/arm26_ground_offset.osim
[2021-03-24 23:22:00.326] [info] Loaded model arm26 from file arm26/arm26_ground_offset.osim
[2021-03-24 23:22:12.064] [info] Loaded model arm26 from file arm26/arm26_ground_offset.osim
[2021-03-24 23:22:25.690] [info] Loaded model arm26 from file arm26/arm26_ground_offset.osim
[2021-03-24 23:22:36.870] [info] Loaded model arm26 from file arm26/arm26_ground_offset.osim
[2021-03-24 23:22:47.857] [info] Loaded model arm26 from file arm26/arm26_ground_offset.osim
[2021-03-24 23:23:01.474] [info] Loaded model arm26 from file arm26/arm26_ground_offset.osim
[2021-03-24 23:23:17.707] [info] Loaded model arm26 from file arm26/arm26_ground_offset.osim
[2021-03-24 23:23:33.016] [info] Loaded model arm26 from file arm26/arm26_ground_offset.osim
[2021-03-24 23:23:46.192] [info] Loaded model arm26 from file arm26/arm26_ground_offset.osim
[2021-03-24 23:23:56.254] [info] Loaded model arm26 from file arm26/arm26_ground_offset.osim
[2021-03-24 23:24:10.649] [info] Loaded model arm26 from file arm26/arm26_ground_offset.osim
[2021-03-24 23:24:21.537] [info] Loaded model arm26 from file arm26/arm26_ground_offset.osim
[2021-03-24 23:24:34.408] [info] Loaded model arm26 from file arm26/arm26_ground_offset.osim
[2021-03-24 23:24:48.865] [info] Loaded model arm26 from file arm26/arm26_ground_offset.osim
[2021-03-24 23:25:06.860] [info] Loaded model arm26 from file arm26/arm26_ground_offset.osim
[2021-03-24 23:25:23.828] [info] Loaded model arm26 from file arm26/arm26_ground_offset.osim
[2021-03-24 23:25:41.634] [info] Loaded model arm26 from file arm26/arm26_ground_offset.osim
[2021-03-24 23:26:36.820] [info] Loaded model arm26 from file arm26/arm26_ground_offset.osim
[2021-03-24 23:27:43.724] [info] Loaded model arm26 from file arm26/arm26_ground_offset.osim
[2021-03-24 23:28:03.588] [info] Loaded model arm26 from file arm26/arm26_ground_offset.osim
[2021-03-24 23:28:24.527] [info] Loaded model arm26 from file arm26/arm26_ground_offset.osim
[2021-03-24 23:28:40.318] [info] Loaded model arm26 from file arm26/arm26_ground_offset.osim
[2021-03-24 23:28:57.859] [info] Loaded model arm26 from file arm26/arm26_ground_offset.osim
[2021-03-24 23:29:16.580] [info] Loaded model arm26 from file arm26/arm26_ground_offset.osim
[2021-03-24 23:29:34.860] [info] Loaded model arm26 from file arm26/arm26_ground_offset.osim
[2021-03-24 23:29:52.477] [info] Loaded model arm26 from file arm26/arm26_ground_offset.osim
[2021-03-24 23:30:04.768] [info] Loaded model arm26 from file arm26/arm26_ground_offset.osim
[2021-03-24 23:30:18.103] [info] Loaded model arm26 from file arm26/arm26_ground_offset.osim
[2021-03-24 23:30:30.534] [info] Loaded model arm26 from file arm26/arm26_ground_offset.osim
[2021-03-24 23:30:44.823] [info] Loaded model arm26 from file arm26/arm26_ground_offset.osim
[2021-03-24 23:31:10.101] [info] Loaded model arm26 from file arm26/arm26_ground_offset.osim
[2021-03-24 23:31:29.945] [info] Loaded model arm26 from file arm26/arm26_ground_offset.osim
[2021-03-24 23:33:44.865] [info] Loaded model arm26 from file arm26/arm26_ground_offset.osim
[2021-03-29 02:55:12.919] [info] Loaded model arm26 from file arm26/arm26_ground_offset.osim
[2021-03-29 10:51:28.615] [info] Loaded model arm26 from file arm26/arm26_ground_offset.osim
[2021-03-29 10:51:29.256] [error] Error while executing loop step: Traceback (most recent call last):
  File "server.py", line 22, in runLoop
    shoulder = self.tOS.jointSet.get(0).getCoordinate()
  File "/usr/local/lib/python3.8/dist-packages/opensim-4.2_2021_03_12_fcedec930-py3.8.egg/opensim/simulation.py", line 15864, in getCoordinate
    return _simulation.Joint_getCoordinate(self)
RuntimeError: std::exception in 'OpenSim::Coordinate const & OpenSim::Joint::getCoordinate() const': The Joint has no Coordinates.
	Thrown at Joint.cpp:198 in getCoordinate().

[2021-03-29 10:52:16.201] [info] Loaded model arm26 from file arm26/arm26_ground_offset.osim
[2021-03-29 10:52:16.783] [error] Error while executing loop step: Traceback (most recent call last):
  File "server.py", line 25, in runLoop
    s_val = shoulder.getCoordinate().getValue(self.tOS.state)
  File "/usr/local/lib/python3.8/dist-packages/opensim-4.2_2021_03_12_fcedec930-py3.8.egg/opensim/simulation.py", line 15864, in getCoordinate
    return _simulation.Joint_getCoordinate(self)
RuntimeError: std::exception in 'OpenSim::Coordinate const & OpenSim::Joint::getCoordinate() const': The Joint has no Coordinates.
	Thrown at Joint.cpp:198 in getCoordinate().

[2021-03-29 10:55:07.981] [info] Loaded model arm26 from file arm26/arm26_ground_offset.osim
[2021-03-29 10:55:08.544] [error] Error while executing loop step: Traceback (most recent call last):
  File "server.py", line 25, in runLoop
    self._setDevice("joints", {"shoulder": s_val, "elbow": e_val})
UnboundLocalError: local variable 's_val' referenced before assignment

[2021-03-29 10:55:24.069] [info] Loaded model arm26 from file arm26/arm26_ground_offset.osim
[2021-03-29 10:55:24.698] [error] Error while executing loop step: Traceback (most recent call last):
  File "server.py", line 34, in runLoop
    s_val = shoulder.getCoordinate().getValue(self.tOS.state)
  File "/usr/local/lib/python3.8/dist-packages/opensim-4.2_2021_03_12_fcedec930-py3.8.egg/opensim/simulation.py", line 15864, in getCoordinate
    return _simulation.Joint_getCoordinate(self)
RuntimeError: std::exception in 'OpenSim::Coordinate const & OpenSim::Joint::getCoordinate() const': The Joint has no Coordinates.
	Thrown at Joint.cpp:198 in getCoordinate().

[2021-03-29 10:56:43.366] [info] Loaded model arm26 from file arm26/arm26_ground_offset.osim
[2021-03-29 10:56:43.970] [error] Error while executing loop step: Traceback (most recent call last):
  File "server.py", line 34, in runLoop
    s_val = shoulder.getCoordinate().getValue(self.tOS.state)
  File "/usr/local/lib/python3.8/dist-packages/opensim-4.2_2021_03_12_fcedec930-py3.8.egg/opensim/simulation.py", line 15864, in getCoordinate
    return _simulation.Joint_getCoordinate(self)
RuntimeError: std::exception in 'OpenSim::Coordinate const & OpenSim::Joint::getCoordinate() const': The Joint has no Coordinates.
	Thrown at Joint.cpp:198 in getCoordinate().

[2021-03-29 10:56:58.072] [info] Loaded model arm26 from file arm26/arm26_ground_offset.osim
[2021-03-29 10:56:58.665] [error] Error while executing loop step: Traceback (most recent call last):
  File "server.py", line 34, in runLoop
    s_val = shoulder.getCoordinate(0).getValue(self.tOS.state)
TypeError: getCoordinate() takes 1 positional argument but 2 were given

[2021-03-29 10:57:35.222] [info] Loaded model arm26 from file arm26/arm26_ground_offset.osim
[2021-03-29 10:57:35.830] [error] Error while executing loop step: Traceback (most recent call last):
  File "server.py", line 31, in runLoop
    shoulder = self.tOS.jointSet.get(0).getCoordinate()
  File "/usr/local/lib/python3.8/dist-packages/opensim-4.2_2021_03_12_fcedec930-py3.8.egg/opensim/simulation.py", line 15864, in getCoordinate
    return _simulation.Joint_getCoordinate(self)
RuntimeError: std::exception in 'OpenSim::Coordinate const & OpenSim::Joint::getCoordinate() const': The Joint has no Coordinates.
	Thrown at Joint.cpp:198 in getCoordinate().

[2021-03-29 10:57:55.093] [info] Loaded model arm26 from file arm26/arm26_ground_offset.osim
[2021-03-29 10:58:15.798] [info] Loaded model arm26 from file arm26/arm26_ground_offset.osim
