[2021-03-16 23:56:45.837] [info] Updating Model file from 30000 to latest format...
[2021-03-16 23:56:45.850] [info] Loaded model leg39 from file leg39/leg39.osim
[2021-03-16 23:56:45.850] [warning] Couldn't find file 'fibula_R.vtp'.
[2021-03-16 23:56:45.851] [info] ControllerSet 'Controllers' was renamed and is being reset to 'controllerset'.
[2021-03-16 23:56:45.851] [info] ComponentSet 'MiscComponents' was renamed and is being reset to 'componentset'.
[2021-03-16 23:56:46.102] [error] Error while executing loop step: Traceback (most recent call last):
  File "servo.py", line 23, in runLoop
    self.tOS.model.model.getControllerSet().get(0))
  File "/usr/local/lib/python3.8/dist-packages/opensim-4.2_2021_02_10_d1304141c-py3.8.egg/opensim/simulation.py", line 53136, in <lambda>
    __getattr__ = lambda self, name: _swig_getattr(self, Model, name)
  File "/usr/local/lib/python3.8/dist-packages/opensim-4.2_2021_02_10_d1304141c-py3.8.egg/opensim/simulation.py", line 80, in _swig_getattr
    raise AttributeError("'%s' object has no attribute '%s'" % (class_type.__name__, name))
AttributeError: 'Model' object has no attribute 'model'

[2021-03-16 23:57:04.874] [info] Updating Model file from 30000 to latest format...
[2021-03-16 23:57:04.886] [info] Loaded model leg39 from file leg39/leg39.osim
[2021-03-16 23:57:04.886] [warning] Couldn't find file 'fibula_R.vtp'.
[2021-03-16 23:57:04.887] [info] ControllerSet 'Controllers' was renamed and is being reset to 'controllerset'.
[2021-03-16 23:57:04.887] [info] ComponentSet 'MiscComponents' was renamed and is being reset to 'componentset'.
[2021-03-16 23:57:05.120] [error] Error while executing loop step: Traceback (most recent call last):
  File "servo.py", line 29, in runLoop
    self.tOS.run_step([0.0])
  File "/usr/local/nrp/lib/python3.8/site-packages/NRPPythonEngineModule/TOsimLib.py", line 48, in run_step
    self.actuate(action)
  File "/usr/local/nrp/lib/python3.8/site-packages/NRPPythonEngineModule/TOsimLib.py", line 70, in actuate
    func.setValue(float(action[j]))
IndexError: list index out of range

[2021-03-16 23:57:49.758] [info] Updating Model file from 30000 to latest format...
[2021-03-16 23:57:49.771] [info] Loaded model leg39 from file leg39/leg39.osim
[2021-03-16 23:57:49.771] [warning] Couldn't find file 'fibula_R.vtp'.
[2021-03-16 23:57:49.772] [info] ControllerSet 'Controllers' was renamed and is being reset to 'controllerset'.
[2021-03-16 23:57:49.772] [info] ComponentSet 'MiscComponents' was renamed and is being reset to 'componentset'.
[2021-03-16 23:57:50.004] [error] Error while executing loop step: Traceback (most recent call last):
  File "servo.py", line 29, in runLoop
    self.tOS.run_step([0.0, 0.0, 0.0, 0.5, 0.0, 0.0,0.1,0.0])
  File "/usr/local/nrp/lib/python3.8/site-packages/NRPPythonEngineModule/TOsimLib.py", line 48, in run_step
    self.actuate(action)
  File "/usr/local/nrp/lib/python3.8/site-packages/NRPPythonEngineModule/TOsimLib.py", line 70, in actuate
    func.setValue(float(action[j]))
IndexError: list index out of range

[2021-03-16 23:58:26.373] [info] Updating Model file from 30000 to latest format...
[2021-03-16 23:58:26.385] [info] Loaded model leg39 from file leg39/leg39.osim
[2021-03-16 23:58:26.385] [warning] Couldn't find file 'fibula_R.vtp'.
[2021-03-16 23:58:26.385] [info] ControllerSet 'Controllers' was renamed and is being reset to 'controllerset'.
[2021-03-16 23:58:26.386] [info] ComponentSet 'MiscComponents' was renamed and is being reset to 'componentset'.
[2021-03-16 23:59:39.495] [info] Updating Model file from 30000 to latest format...
[2021-03-16 23:59:39.507] [info] Loaded model leg39 from file leg39/leg39.osim
[2021-03-16 23:59:39.507] [warning] Couldn't find file 'fibula_R.vtp'.
[2021-03-16 23:59:39.508] [info] ControllerSet 'Controllers' was renamed and is being reset to 'controllerset'.
[2021-03-16 23:59:39.508] [info] ComponentSet 'MiscComponents' was renamed and is being reset to 'componentset'.
[2021-03-17 00:00:31.559] [info] Updating Model file from 30000 to latest format...
[2021-03-17 00:00:31.571] [info] Loaded model leg39 from file leg39/leg39.osim
[2021-03-17 00:00:31.572] [warning] Couldn't find file 'fibula_R.vtp'.
[2021-03-17 00:00:31.572] [info] ControllerSet 'Controllers' was renamed and is being reset to 'controllerset'.
[2021-03-17 00:00:31.572] [info] ComponentSet 'MiscComponents' was renamed and is being reset to 'componentset'.
[2021-03-17 00:01:19.238] [info] Updating Model file from 30000 to latest format...
[2021-03-17 00:01:19.251] [info] Loaded model leg39 from file leg39/leg39.osim
[2021-03-17 00:01:19.251] [warning] Couldn't find file 'fibula_R.vtp'.
[2021-03-17 00:01:19.252] [info] ControllerSet 'Controllers' was renamed and is being reset to 'controllerset'.
[2021-03-17 00:01:19.252] [info] ComponentSet 'MiscComponents' was renamed and is being reset to 'componentset'.
[2021-03-17 00:02:10.552] [info] Updating Model file from 30000 to latest format...
[2021-03-17 00:02:10.566] [info] Loaded model leg39 from file leg39/leg39.osim
[2021-03-17 00:02:10.566] [warning] Couldn't find file 'fibula_R.vtp'.
[2021-03-17 00:02:10.567] [info] ControllerSet 'Controllers' was renamed and is being reset to 'controllerset'.
[2021-03-17 00:02:10.567] [info] ComponentSet 'MiscComponents' was renamed and is being reset to 'componentset'.
[2021-03-17 00:04:47.263] [info] Updating Model file from 30000 to latest format...
[2021-03-17 00:04:47.276] [info] Loaded model leg39 from file leg39/leg39.osim
[2021-03-17 00:04:47.276] [warning] Couldn't find file 'fibula_R.vtp'.
[2021-03-17 00:04:47.276] [info] ControllerSet 'Controllers' was renamed and is being reset to 'controllerset'.
[2021-03-17 00:04:47.277] [info] ComponentSet 'MiscComponents' was renamed and is being reset to 'componentset'.
[2021-03-17 00:07:24.308] [info] Updating Model file from 30000 to latest format...
[2021-03-17 00:07:24.322] [info] Loaded model leg39 from file leg39/leg39.osim
[2021-03-17 00:07:24.322] [warning] Couldn't find file 'fibula_R.vtp'.
[2021-03-17 00:07:24.322] [info] ControllerSet 'Controllers' was renamed and is being reset to 'controllerset'.
[2021-03-17 00:07:24.322] [info] ComponentSet 'MiscComponents' was renamed and is being reset to 'componentset'.
[2021-03-17 00:08:12.983] [info] Updating Model file from 30000 to latest format...
[2021-03-17 00:08:12.995] [info] Loaded model leg39 from file leg39/leg39.osim
[2021-03-17 00:08:12.996] [warning] Couldn't find file 'fibula_R.vtp'.
[2021-03-17 00:08:12.996] [info] ControllerSet 'Controllers' was renamed and is being reset to 'controllerset'.
[2021-03-17 00:08:12.996] [info] ComponentSet 'MiscComponents' was renamed and is being reset to 'componentset'.
[2021-03-17 00:08:46.860] [info] Updating Model file from 30000 to latest format...
[2021-03-17 00:08:46.872] [info] Loaded model leg39 from file leg39/leg39.osim
[2021-03-17 00:08:46.872] [warning] Couldn't find file 'fibula_R.vtp'.
[2021-03-17 00:08:46.873] [info] ControllerSet 'Controllers' was renamed and is being reset to 'controllerset'.
[2021-03-17 00:08:46.873] [info] ComponentSet 'MiscComponents' was renamed and is being reset to 'componentset'.
[2021-03-17 00:08:46.904] [info] Loaded model bicep_curl from file basicModel.osim
[2021-03-17 00:08:46.906] [warning] ControllerSet 'controllerset' has subcomponents with duplicate name 'prescribedcontroller'. The duplicate is being renamed to 'prescribedcontroller_0'.
[2021-03-17 00:08:47.133] [error] Error while executing loop step: Traceback (most recent call last):
  File "servo.py", line 35, in runLoop
    self.tOS.run_step(action)
  File "/usr/local/nrp/lib/python3.8/site-packages/NRPPythonEngineModule/TOsimLib.py", line 48, in run_step
    self.actuate(action)
  File "/usr/local/nrp/lib/python3.8/site-packages/NRPPythonEngineModule/TOsimLib.py", line 70, in actuate
    func.setValue(float(action[j]))
AttributeError: 'NoneType' object has no attribute 'setValue'

[2021-03-17 00:09:03.925] [info] Updating Model file from 30000 to latest format...
[2021-03-17 00:09:03.938] [info] Loaded model leg39 from file leg39/leg39.osim
[2021-03-17 00:09:03.938] [warning] Couldn't find file 'fibula_R.vtp'.
[2021-03-17 00:09:03.938] [info] ControllerSet 'Controllers' was renamed and is being reset to 'controllerset'.
[2021-03-17 00:09:03.939] [info] ComponentSet 'MiscComponents' was renamed and is being reset to 'componentset'.
